c:\users\yuanh\desktop\individual-computing-project\排行榜程序\个人作业游戏有排行榜\win32project4\debug\vc120.pdb
c:\users\yuanh\desktop\individual-computing-project\排行榜程序\个人作业游戏有排行榜\win32project4\debug\vc120.idb
c:\users\yuanh\desktop\individual-computing-project\排行榜程序\个人作业游戏有排行榜\win32project4\debug\bullet.obj
c:\users\yuanh\desktop\individual-computing-project\排行榜程序\个人作业游戏有排行榜\win32project4\debug\camera.obj
c:\users\yuanh\desktop\individual-computing-project\排行榜程序\个人作业游戏有排行榜\win32project4\debug\errorlogger.obj
c:\users\yuanh\desktop\individual-computing-project\排行榜程序\个人作业游戏有排行榜\win32project4\debug\explosion.obj
c:\users\yuanh\desktop\individual-computing-project\排行榜程序\个人作业游戏有排行榜\win32project4\debug\gameobject.obj
c:\users\yuanh\desktop\individual-computing-project\排行榜程序\个人作业游戏有排行榜\win32project4\debug\gametimer.obj
c:\users\yuanh\desktop\individual-computing-project\排行榜程序\个人作业游戏有排行榜\win32project4\debug\level.obj
c:\users\yuanh\desktop\individual-computing-project\排行榜程序\个人作业游戏有排行榜\win32project4\debug\mydrawengine.obj
c:\users\yuanh\desktop\individual-computing-project\排行榜程序\个人作业游戏有排行榜\win32project4\debug\myinputs.obj
c:\users\yuanh\desktop\individual-computing-project\排行榜程序\个人作业游戏有排行榜\win32project4\debug\mysoundengine.obj
c:\users\yuanh\desktop\individual-computing-project\排行榜程序\个人作业游戏有排行榜\win32project4\debug\rock.obj
c:\users\yuanh\desktop\individual-computing-project\排行榜程序\个人作业游戏有排行榜\win32project4\debug\shapes.obj
c:\users\yuanh\desktop\individual-computing-project\排行榜程序\个人作业游戏有排行榜\win32project4\debug\spaceship.obj
c:\users\yuanh\desktop\individual-computing-project\排行榜程序\个人作业游戏有排行榜\win32project4\debug\vector2d.obj
c:\users\yuanh\desktop\individual-computing-project\排行榜程序\个人作业游戏有排行榜\win32project4\debug\wincode.obj
c:\users\yuanh\desktop\individual-computing-project\排行榜程序\个人作业游戏有排行榜\win32project4\debug\objectmanager.obj
c:\users\yuanh\desktop\individual-computing-project\排行榜程序\个人作业游戏有排行榜\debug\win32project4.ilk
c:\users\yuanh\desktop\individual-computing-project\排行榜程序\个人作业游戏有排行榜\debug\win32project4.exe
c:\users\yuanh\desktop\individual-computing-project\排行榜程序\个人作业游戏有排行榜\debug\win32project4.pdb
c:\users\yuanh\desktop\individual-computing-project\排行榜程序\个人作业游戏有排行榜\win32project4\debug\win32project4.tlog\cl.command.1.tlog
c:\users\yuanh\desktop\individual-computing-project\排行榜程序\个人作业游戏有排行榜\win32project4\debug\win32project4.tlog\cl.read.1.tlog
c:\users\yuanh\desktop\individual-computing-project\排行榜程序\个人作业游戏有排行榜\win32project4\debug\win32project4.tlog\cl.write.1.tlog
c:\users\yuanh\desktop\individual-computing-project\排行榜程序\个人作业游戏有排行榜\win32project4\debug\win32project4.tlog\link.command.1.tlog
c:\users\yuanh\desktop\individual-computing-project\排行榜程序\个人作业游戏有排行榜\win32project4\debug\win32project4.tlog\link.read.1.tlog
c:\users\yuanh\desktop\individual-computing-project\排行榜程序\个人作业游戏有排行榜\win32project4\debug\win32project4.tlog\link.write.1.tlog
